[02:14:05] [main/INFO]: Loading Minecraft 1.20.1 with Fabric Loader 0.16.0
[02:14:05] [main/INFO]: Fabric is preparing JARs on first launch, this may take a few seconds...
[02:14:06] [main/INFO]: Loading 4 mods:
	- fabricloader 0.16.0
	   \-- mixinextras 0.4.0
	- java 21
	- minecraft 1.20.1
[02:14:06] [main/INFO]: SpongePowered MIXIN Subsystem Version=0.8.7 Source=file:/workspaces/MSP-2.5/servidor_minecraft/libraries/net/fabricmc/sponge-mixin/0.15.0+mixin.0.8.7/sponge-mixin-0.15.0+mixin.0.8.7.jar Service=Knot/Fabric Env=SERVER
[02:14:06] [main/ERROR]: Failed to start the minecraft server
joptsimple.UnrecognizedOptionException: m is not a recognized option
	at joptsimple.OptionException.unrecognizedOption(OptionException.java:108) ~[jopt-simple-5.0.4.jar:?]
	at joptsimple.OptionParser.validateOptionCharacters(OptionParser.java:633) ~[jopt-simple-5.0.4.jar:?]
	at joptsimple.OptionParser.handleShortOptionCluster(OptionParser.java:528) ~[jopt-simple-5.0.4.jar:?]
	at joptsimple.OptionParser.handleShortOptionToken(OptionParser.java:523) ~[jopt-simple-5.0.4.jar:?]
	at joptsimple.OptionParserState$2.handleArgument(OptionParserState.java:59) ~[jopt-simple-5.0.4.jar:?]
	at joptsimple.OptionParser.parse(OptionParser.java:396) ~[jopt-simple-5.0.4.jar:?]
	at net.minecraft.server.Main.main(Main.java:90) ~[server-intermediary.jar:?]
	at net.fabricmc.loader.impl.game.minecraft.MinecraftGameProvider.launch(MinecraftGameProvider.java:480) ~[fabric-loader-0.16.0.jar:?]
	at net.fabricmc.loader.impl.launch.knot.Knot.launch(Knot.java:74) ~[fabric-loader-0.16.0.jar:?]
	at net.fabricmc.loader.impl.launch.knot.KnotServer.main(KnotServer.java:23) ~[fabric-loader-0.16.0.jar:?]
	at net.fabricmc.loader.impl.launch.server.FabricServerLauncher.main(FabricServerLauncher.java:69) ~[fabric-loader-0.16.0.jar:?]
	at net.fabricmc.installer.ServerLauncher.main(ServerLauncher.java:69) ~[fabric-server-launch.jar:1.0.1]
